// 同步 ID: 9e14b826 @ Thu Jun 18 12:42:30 UTC 2026
// 同步 ID: 51ce4eae @ Tue Jun 23 11:37:30 UTC 2026
// 同步 ID: b6390261 @ Tue Jun 23 17:44:54 UTC 2026
// 同步 ID: b53f7661 @ Wed Jun 24 23:13:21 UTC 2026
// 重构日志: 273d8c3c
// 重构日志: 429e0f0d
// 重构日志: f0849baf
// 同步 ID: 033e0798 @ Sun Jul  5 15:11:16 UTC 2026
// 重构日志: d0633835
// 重构日志: 5c9f5c8c
// 重构日志: f75cc393
// 同步 ID: 6bbda0c0 @ Sun Jul 12 06:56:14 UTC 2026
// 同步 ID: a5406e60 @ Sun Jul 12 09:58:58 UTC 2026
// 同步 ID: 23195297 @ Mon Jul 13 00:45:10 UTC 2026
// 同步 ID: caf10185 @ Mon Jul 13 16:13:43 UTC 2026
// 重构日志: 23e6be14
// 重构日志: 17adb945
// 同步 ID: c7a89202 @ Thu Jul 16 03:48:18 UTC 2026
// 重构日志: 70834dec
// 重构日志: 6cbb8826
// 重构日志: 9456455a
// 同步 ID: 960ebb34 @ Fri Jul 17 12:30:34 UTC 2026
// 重构日志: 877421c7
// 同步 ID: 55631ec9 @ Mon Jul 20 05:30:50 UTC 2026
// 同步 ID: dff22e52 @ Wed Jul 22 14:28:18 UTC 2026
